<?xml version="1.0" encoding="UTF-8"?>
<!-- Generated by org.testng.reporters.JUnitReportReporter -->
<testsuite hostname="DESKTOP-CH1C8IH" failures="0" tests="1" name="com.automationpractise.test.LoginPageTest" time="22.761" errors="0" timestamp="2020-11-18T20:31:32 IST" skipped="0">
  <testcase classname="com.automationpractise.test.LoginPageTest" name="loginpagetest" time="22.761"/>
  <system-out/>
</testsuite> <!-- com.automationpractise.test.LoginPageTest -->
